Release 14.7 Map P.20131013 (nt64)
Xilinx Mapping Report File for Design 'Main_module'

Design Information
------------------
Command Line   : map -intstyle ise -p xc3s500e-fg320-4 -cm area -ir off -pr off
-c 100 -o Main_module_map.ncd Main_module.ngd Main_module.pcf 
Target Device  : xc3s500e
Target Package : fg320
Target Speed   : -4
Mapper Version : spartan3e -- $Revision: 1.55 $
Mapped Date    : Sun Jan 23 21:05:55 2022

Design Summary
--------------
Number of errors:      0
Number of warnings:   49
Logic Utilization:
  Total Number Slice Registers:       1,129 out of   9,312   12%
    Number used as Flip Flops:        1,089
    Number used as Latches:              40
  Number of 4 input LUTs:             2,020 out of   9,312   21%
Logic Distribution:
  Number of occupied Slices:          1,557 out of   4,656   33%
    Number of Slices containing only related logic:   1,557 out of   1,557 100%
    Number of Slices containing unrelated logic:          0 out of   1,557   0%
      *See NOTES below for an explanation of the effects of unrelated logic.
  Total Number of 4 input LUTs:       2,063 out of   9,312   22%
    Number used as logic:             2,020
    Number used as a route-thru:         43

  The Slice Logic Distribution report is not meaningful if the design is
  over-mapped for a non-slice resource or if Placement fails.

  Number of bonded IOBs:                 20 out of     232    8%
  Number of RAMB16s:                      2 out of      20   10%
  Number of BUFGMUXs:                     3 out of      24   12%

Average Fanout of Non-Clock Nets:                3.88

Peak Memory Usage:  4435 MB
Total REAL time to MAP completion:  4 secs 
Total CPU time to MAP completion:   4 secs 

NOTES:

   Related logic is defined as being logic that shares connectivity - e.g. two
   LUTs are "related" if they share common inputs.  When assembling slices,
   Map gives priority to combine logic that is related.  Doing so results in
   the best timing performance.

   Unrelated logic shares no connectivity.  Map will only begin packing
   unrelated logic into a slice once 99% of the slices are occupied through
   related logic packing.

   Note that once logic distribution reaches the 99% level through related
   logic packing, this does not mean the device is completely utilized.
   Unrelated logic packing will then begin, continuing until all usable LUTs
   and FFs are occupied.  Depending on your timing budget, increased levels of
   unrelated logic packing may adversely affect the overall timing performance
   of your design.

Table of Contents
-----------------
Section 1 - Errors
Section 2 - Warnings
Section 3 - Informational
Section 4 - Removed Logic Summary
Section 5 - Removed Logic
Section 6 - IOB Properties
Section 7 - RPMs
Section 8 - Guide Report
Section 9 - Area Group and Partition Summary
Section 10 - Timing Report
Section 11 - Configuration String Information
Section 12 - Control Set Information
Section 13 - Utilization by Hierarchy

Section 1 - Errors
------------------

Section 2 - Warnings
--------------------
WARNING:PhysDesignRules:372 - Gated clock. Clock net uut6/ALU_ctrl_not0001 is
   sourced by a combinatorial pin. This is not good design practice. Use the CE
   pin to control the loading of data into the flip-flop.
WARNING:PhysDesignRules:812 - Dangling pin <DOA4> on
   block:<uut13/U0/xst_blk_mem_generator/gnativebmg.native_blk_mem_gen/valid.cst
   r/ramloop[0].ram.r/s3_init.ram/spram.ram.A>:<RAMB16_RAMB16A>.
WARNING:PhysDesignRules:812 - Dangling pin <DOA5> on
   block:<uut13/U0/xst_blk_mem_generator/gnativebmg.native_blk_mem_gen/valid.cst
   r/ramloop[0].ram.r/s3_init.ram/spram.ram.A>:<RAMB16_RAMB16A>.
WARNING:PhysDesignRules:812 - Dangling pin <DOA6> on
   block:<uut13/U0/xst_blk_mem_generator/gnativebmg.native_blk_mem_gen/valid.cst
   r/ramloop[0].ram.r/s3_init.ram/spram.ram.A>:<RAMB16_RAMB16A>.
WARNING:PhysDesignRules:812 - Dangling pin <DOA7> on
   block:<uut13/U0/xst_blk_mem_generator/gnativebmg.native_blk_mem_gen/valid.cst
   r/ramloop[0].ram.r/s3_init.ram/spram.ram.A>:<RAMB16_RAMB16A>.
WARNING:PhysDesignRules:812 - Dangling pin <DOA12> on
   block:<uut13/U0/xst_blk_mem_generator/gnativebmg.native_blk_mem_gen/valid.cst
   r/ramloop[0].ram.r/s3_init.ram/spram.ram.A>:<RAMB16_RAMB16A>.
WARNING:PhysDesignRules:812 - Dangling pin <DOA13> on
   block:<uut13/U0/xst_blk_mem_generator/gnativebmg.native_blk_mem_gen/valid.cst
   r/ramloop[0].ram.r/s3_init.ram/spram.ram.A>:<RAMB16_RAMB16A>.
WARNING:PhysDesignRules:812 - Dangling pin <DOA14> on
   block:<uut13/U0/xst_blk_mem_generator/gnativebmg.native_blk_mem_gen/valid.cst
   r/ramloop[0].ram.r/s3_init.ram/spram.ram.A>:<RAMB16_RAMB16A>.
WARNING:PhysDesignRules:812 - Dangling pin <DOA15> on
   block:<uut13/U0/xst_blk_mem_generator/gnativebmg.native_blk_mem_gen/valid.cst
   r/ramloop[0].ram.r/s3_init.ram/spram.ram.A>:<RAMB16_RAMB16A>.
WARNING:PhysDesignRules:812 - Dangling pin <DOA20> on
   block:<uut13/U0/xst_blk_mem_generator/gnativebmg.native_blk_mem_gen/valid.cst
   r/ramloop[0].ram.r/s3_init.ram/spram.ram.A>:<RAMB16_RAMB16A>.
WARNING:PhysDesignRules:812 - Dangling pin <DOA21> on
   block:<uut13/U0/xst_blk_mem_generator/gnativebmg.native_blk_mem_gen/valid.cst
   r/ramloop[0].ram.r/s3_init.ram/spram.ram.A>:<RAMB16_RAMB16A>.
WARNING:PhysDesignRules:812 - Dangling pin <DOA22> on
   block:<uut13/U0/xst_blk_mem_generator/gnativebmg.native_blk_mem_gen/valid.cst
   r/ramloop[0].ram.r/s3_init.ram/spram.ram.A>:<RAMB16_RAMB16A>.
WARNING:PhysDesignRules:812 - Dangling pin <DOA23> on
   block:<uut13/U0/xst_blk_mem_generator/gnativebmg.native_blk_mem_gen/valid.cst
   r/ramloop[0].ram.r/s3_init.ram/spram.ram.A>:<RAMB16_RAMB16A>.
WARNING:PhysDesignRules:812 - Dangling pin <DOA28> on
   block:<uut13/U0/xst_blk_mem_generator/gnativebmg.native_blk_mem_gen/valid.cst
   r/ramloop[0].ram.r/s3_init.ram/spram.ram.A>:<RAMB16_RAMB16A>.
WARNING:PhysDesignRules:812 - Dangling pin <DOA29> on
   block:<uut13/U0/xst_blk_mem_generator/gnativebmg.native_blk_mem_gen/valid.cst
   r/ramloop[0].ram.r/s3_init.ram/spram.ram.A>:<RAMB16_RAMB16A>.
WARNING:PhysDesignRules:812 - Dangling pin <DOA30> on
   block:<uut13/U0/xst_blk_mem_generator/gnativebmg.native_blk_mem_gen/valid.cst
   r/ramloop[0].ram.r/s3_init.ram/spram.ram.A>:<RAMB16_RAMB16A>.
WARNING:PhysDesignRules:812 - Dangling pin <DOA31> on
   block:<uut13/U0/xst_blk_mem_generator/gnativebmg.native_blk_mem_gen/valid.cst
   r/ramloop[0].ram.r/s3_init.ram/spram.ram.A>:<RAMB16_RAMB16A>.
WARNING:PhysDesignRules:812 - Dangling pin <DOB4> on
   block:<uut13/U0/xst_blk_mem_generator/gnativebmg.native_blk_mem_gen/valid.cst
   r/ramloop[0].ram.r/s3_init.ram/spram.ram.B>:<RAMB16_RAMB16B>.
WARNING:PhysDesignRules:812 - Dangling pin <DOB5> on
   block:<uut13/U0/xst_blk_mem_generator/gnativebmg.native_blk_mem_gen/valid.cst
   r/ramloop[0].ram.r/s3_init.ram/spram.ram.B>:<RAMB16_RAMB16B>.
WARNING:PhysDesignRules:812 - Dangling pin <DOB6> on
   block:<uut13/U0/xst_blk_mem_generator/gnativebmg.native_blk_mem_gen/valid.cst
   r/ramloop[0].ram.r/s3_init.ram/spram.ram.B>:<RAMB16_RAMB16B>.
WARNING:PhysDesignRules:812 - Dangling pin <DOB7> on
   block:<uut13/U0/xst_blk_mem_generator/gnativebmg.native_blk_mem_gen/valid.cst
   r/ramloop[0].ram.r/s3_init.ram/spram.ram.B>:<RAMB16_RAMB16B>.
WARNING:PhysDesignRules:812 - Dangling pin <DOB12> on
   block:<uut13/U0/xst_blk_mem_generator/gnativebmg.native_blk_mem_gen/valid.cst
   r/ramloop[0].ram.r/s3_init.ram/spram.ram.B>:<RAMB16_RAMB16B>.
WARNING:PhysDesignRules:812 - Dangling pin <DOB13> on
   block:<uut13/U0/xst_blk_mem_generator/gnativebmg.native_blk_mem_gen/valid.cst
   r/ramloop[0].ram.r/s3_init.ram/spram.ram.B>:<RAMB16_RAMB16B>.
WARNING:PhysDesignRules:812 - Dangling pin <DOB14> on
   block:<uut13/U0/xst_blk_mem_generator/gnativebmg.native_blk_mem_gen/valid.cst
   r/ramloop[0].ram.r/s3_init.ram/spram.ram.B>:<RAMB16_RAMB16B>.
WARNING:PhysDesignRules:812 - Dangling pin <DOB15> on
   block:<uut13/U0/xst_blk_mem_generator/gnativebmg.native_blk_mem_gen/valid.cst
   r/ramloop[0].ram.r/s3_init.ram/spram.ram.B>:<RAMB16_RAMB16B>.
WARNING:PhysDesignRules:812 - Dangling pin <DOB20> on
   block:<uut13/U0/xst_blk_mem_generator/gnativebmg.native_blk_mem_gen/valid.cst
   r/ramloop[0].ram.r/s3_init.ram/spram.ram.B>:<RAMB16_RAMB16B>.
WARNING:PhysDesignRules:812 - Dangling pin <DOB21> on
   block:<uut13/U0/xst_blk_mem_generator/gnativebmg.native_blk_mem_gen/valid.cst
   r/ramloop[0].ram.r/s3_init.ram/spram.ram.B>:<RAMB16_RAMB16B>.
WARNING:PhysDesignRules:812 - Dangling pin <DOB22> on
   block:<uut13/U0/xst_blk_mem_generator/gnativebmg.native_blk_mem_gen/valid.cst
   r/ramloop[0].ram.r/s3_init.ram/spram.ram.B>:<RAMB16_RAMB16B>.
WARNING:PhysDesignRules:812 - Dangling pin <DOB23> on
   block:<uut13/U0/xst_blk_mem_generator/gnativebmg.native_blk_mem_gen/valid.cst
   r/ramloop[0].ram.r/s3_init.ram/spram.ram.B>:<RAMB16_RAMB16B>.
WARNING:PhysDesignRules:812 - Dangling pin <DOB28> on
   block:<uut13/U0/xst_blk_mem_generator/gnativebmg.native_blk_mem_gen/valid.cst
   r/ramloop[0].ram.r/s3_init.ram/spram.ram.B>:<RAMB16_RAMB16B>.
WARNING:PhysDesignRules:812 - Dangling pin <DOB29> on
   block:<uut13/U0/xst_blk_mem_generator/gnativebmg.native_blk_mem_gen/valid.cst
   r/ramloop[0].ram.r/s3_init.ram/spram.ram.B>:<RAMB16_RAMB16B>.
WARNING:PhysDesignRules:812 - Dangling pin <DOB30> on
   block:<uut13/U0/xst_blk_mem_generator/gnativebmg.native_blk_mem_gen/valid.cst
   r/ramloop[0].ram.r/s3_init.ram/spram.ram.B>:<RAMB16_RAMB16B>.
WARNING:PhysDesignRules:812 - Dangling pin <DOB31> on
   block:<uut13/U0/xst_blk_mem_generator/gnativebmg.native_blk_mem_gen/valid.cst
   r/ramloop[0].ram.r/s3_init.ram/spram.ram.B>:<RAMB16_RAMB16B>.
WARNING:PhysDesignRules:812 - Dangling pin <DOB4> on
   block:<uut2/U0/xst_blk_mem_generator/gnativebmg.native_blk_mem_gen/valid.cstr
   /ramloop[0].ram.r/s3_init.ram/spram.ram.B>:<RAMB16_RAMB16B>.
WARNING:PhysDesignRules:812 - Dangling pin <DOB5> on
   block:<uut2/U0/xst_blk_mem_generator/gnativebmg.native_blk_mem_gen/valid.cstr
   /ramloop[0].ram.r/s3_init.ram/spram.ram.B>:<RAMB16_RAMB16B>.
WARNING:PhysDesignRules:812 - Dangling pin <DOB6> on
   block:<uut2/U0/xst_blk_mem_generator/gnativebmg.native_blk_mem_gen/valid.cstr
   /ramloop[0].ram.r/s3_init.ram/spram.ram.B>:<RAMB16_RAMB16B>.
WARNING:PhysDesignRules:812 - Dangling pin <DOB7> on
   block:<uut2/U0/xst_blk_mem_generator/gnativebmg.native_blk_mem_gen/valid.cstr
   /ramloop[0].ram.r/s3_init.ram/spram.ram.B>:<RAMB16_RAMB16B>.
WARNING:PhysDesignRules:812 - Dangling pin <DOB12> on
   block:<uut2/U0/xst_blk_mem_generator/gnativebmg.native_blk_mem_gen/valid.cstr
   /ramloop[0].ram.r/s3_init.ram/spram.ram.B>:<RAMB16_RAMB16B>.
WARNING:PhysDesignRules:812 - Dangling pin <DOB13> on
   block:<uut2/U0/xst_blk_mem_generator/gnativebmg.native_blk_mem_gen/valid.cstr
   /ramloop[0].ram.r/s3_init.ram/spram.ram.B>:<RAMB16_RAMB16B>.
WARNING:PhysDesignRules:812 - Dangling pin <DOB14> on
   block:<uut2/U0/xst_blk_mem_generator/gnativebmg.native_blk_mem_gen/valid.cstr
   /ramloop[0].ram.r/s3_init.ram/spram.ram.B>:<RAMB16_RAMB16B>.
WARNING:PhysDesignRules:812 - Dangling pin <DOB15> on
   block:<uut2/U0/xst_blk_mem_generator/gnativebmg.native_blk_mem_gen/valid.cstr
   /ramloop[0].ram.r/s3_init.ram/spram.ram.B>:<RAMB16_RAMB16B>.
WARNING:PhysDesignRules:812 - Dangling pin <DOB20> on
   block:<uut2/U0/xst_blk_mem_generator/gnativebmg.native_blk_mem_gen/valid.cstr
   /ramloop[0].ram.r/s3_init.ram/spram.ram.B>:<RAMB16_RAMB16B>.
WARNING:PhysDesignRules:812 - Dangling pin <DOB21> on
   block:<uut2/U0/xst_blk_mem_generator/gnativebmg.native_blk_mem_gen/valid.cstr
   /ramloop[0].ram.r/s3_init.ram/spram.ram.B>:<RAMB16_RAMB16B>.
WARNING:PhysDesignRules:812 - Dangling pin <DOB22> on
   block:<uut2/U0/xst_blk_mem_generator/gnativebmg.native_blk_mem_gen/valid.cstr
   /ramloop[0].ram.r/s3_init.ram/spram.ram.B>:<RAMB16_RAMB16B>.
WARNING:PhysDesignRules:812 - Dangling pin <DOB23> on
   block:<uut2/U0/xst_blk_mem_generator/gnativebmg.native_blk_mem_gen/valid.cstr
   /ramloop[0].ram.r/s3_init.ram/spram.ram.B>:<RAMB16_RAMB16B>.
WARNING:PhysDesignRules:812 - Dangling pin <DOB28> on
   block:<uut2/U0/xst_blk_mem_generator/gnativebmg.native_blk_mem_gen/valid.cstr
   /ramloop[0].ram.r/s3_init.ram/spram.ram.B>:<RAMB16_RAMB16B>.
WARNING:PhysDesignRules:812 - Dangling pin <DOB29> on
   block:<uut2/U0/xst_blk_mem_generator/gnativebmg.native_blk_mem_gen/valid.cstr
   /ramloop[0].ram.r/s3_init.ram/spram.ram.B>:<RAMB16_RAMB16B>.
WARNING:PhysDesignRules:812 - Dangling pin <DOB30> on
   block:<uut2/U0/xst_blk_mem_generator/gnativebmg.native_blk_mem_gen/valid.cstr
   /ramloop[0].ram.r/s3_init.ram/spram.ram.B>:<RAMB16_RAMB16B>.
WARNING:PhysDesignRules:812 - Dangling pin <DOB31> on
   block:<uut2/U0/xst_blk_mem_generator/gnativebmg.native_blk_mem_gen/valid.cstr
   /ramloop[0].ram.r/s3_init.ram/spram.ram.B>:<RAMB16_RAMB16B>.

Section 3 - Informational
-------------------------
INFO:MapLib:562 - No environment variables are currently set.
INFO:LIT:244 - All of the single ended outputs in this design are using slew
   rate limited output drivers. The delay on speed critical single ended outputs
   can be dramatically reduced by designating them as fast outputs.

Section 4 - Removed Logic Summary
---------------------------------
   6 block(s) optimized away

Section 5 - Removed Logic
-------------------------

Optimized Block(s):
TYPE 		BLOCK
GND 		XST_GND
VCC 		XST_VCC
GND 		uut13/XST_GND
VCC 		uut13/XST_VCC
GND 		uut2/XST_GND
VCC 		uut2/XST_VCC

To enable printing of redundant blocks removed and signals merged, set the
detailed map report option and rerun map.

Section 6 - IOB Properties
--------------------------

+---------------------------------------------------------------------------------------------------------------------------------------------------------+
| IOB Name                           | Type             | Direction | IO Standard          | Diff  | Drive    | Slew | Reg (s)      | Resistor | IOB      |
|                                    |                  |           |                      | Term  | Strength | Rate |              |          | Delay    |
+---------------------------------------------------------------------------------------------------------------------------------------------------------+
| add<0>                             | IBUF             | INPUT     | LVCMOS25             |       |          |      |              |          | 0 / 0    |
| add<1>                             | IBUF             | INPUT     | LVCMOS25             |       |          |      |              |          | 0 / 0    |
| add<2>                             | IBUF             | INPUT     | LVCMOS25             |       |          |      |              |          | 0 / 0    |
| add<3>                             | IBUF             | INPUT     | LVCMOS25             |       |          |      |              |          | 0 / 0    |
| add<4>                             | IBUF             | INPUT     | LVCMOS25             |       |          |      |              |          | 0 / 0    |
| clock                              | IBUF             | INPUT     | LVCMOS25             |       |          |      |              |          | 0 / 0    |
| control<0>                         | IOB              | OUTPUT    | LVCMOS25             |       | 12       | SLOW |              |          | 0 / 0    |
| control<1>                         | IOB              | OUTPUT    | LVCMOS25             |       | 12       | SLOW |              |          | 0 / 0    |
| control<2>                         | IOB              | OUTPUT    | LVCMOS25             |       | 12       | SLOW |              |          | 0 / 0    |
| control<3>                         | IOB              | OUTPUT    | LVCMOS25             |       | 12       | SLOW |              |          | 0 / 0    |
| data<0>                            | IOB              | OUTPUT    | LVCMOS25             |       | 12       | SLOW |              |          | 0 / 0    |
| data<1>                            | IOB              | OUTPUT    | LVCMOS25             |       | 12       | SLOW |              |          | 0 / 0    |
| data<2>                            | IOB              | OUTPUT    | LVCMOS25             |       | 12       | SLOW |              |          | 0 / 0    |
| data<3>                            | IOB              | OUTPUT    | LVCMOS25             |       | 12       | SLOW |              |          | 0 / 0    |
| data<4>                            | IOB              | OUTPUT    | LVCMOS25             |       | 12       | SLOW |              |          | 0 / 0    |
| data<5>                            | IOB              | OUTPUT    | LVCMOS25             |       | 12       | SLOW |              |          | 0 / 0    |
| data<6>                            | IOB              | OUTPUT    | LVCMOS25             |       | 12       | SLOW |              |          | 0 / 0    |
| dis                                | IBUF             | INPUT     | LVCMOS25             |       |          |      |              |          | 0 / 0    |
| reset                              | IBUF             | INPUT     | LVCMOS25             |       |          |      |              |          | 0 / 0    |
| tc                                 | IOB              | OUTPUT    | LVCMOS25             |       | 12       | SLOW |              |          | 0 / 0    |
+---------------------------------------------------------------------------------------------------------------------------------------------------------+

Section 7 - RPMs
----------------

Section 8 - Guide Report
------------------------
Guide not run on this design.

Section 9 - Area Group and Partition Summary
--------------------------------------------

Partition Implementation Status
-------------------------------

  No Partitions were found in this design.

-------------------------------

Area Group Information
----------------------

  No area groups were found in this design.

----------------------

Section 10 - Timing Report
--------------------------
This design was not run using timing mode.

Section 11 - Configuration String Details
-----------------------------------------
Use the "-detail" map option to print out Configuration Strings

Section 12 - Control Set Information
------------------------------------
No control set information for this architecture.

Section 13 - Utilization by Hierarchy
-------------------------------------
Use the "-detail" map option to print out the Utilization by Hierarchy section.
