Release 14.7 - ngc2edif P.20131013 (nt64)
Copyright (c) 1995-2013 Xilinx, Inc.  All rights reserved.
Reading design INST_MEM.ngc ...
WARNING:NetListWriters:298 - No output is written to INST_MEM.xncf, ignored.
Processing design ...
   Preping design's networks ...
   Preping design's macros ...
  finished :Prep
Writing EDIF netlist file INST_MEM.edif ...
ngc2edif: Total memory usage is 4310308 kilobytes

Release 14.7 - ngc2edif P.20131013 (nt64)
Copyright (c) 1995-2013 Xilinx, Inc.  All rights reserved.
Reading design INST_MEM.ngc ...
WARNING:NetListWriters:298 - No output is written to INST_MEM.xncf, ignored.
Processing design ...
   Preping design's networks ...
   Preping design's macros ...
  finished :Prep
Writing EDIF netlist file INST_MEM.edif ...
ngc2edif: Total memory usage is 4309732 kilobytes

