INFO:sim:172 - Generating IP...
Applying current project options...
Finished applying current project options.
WARNING:sim - A core named 'INST_MEM' already exists in the project. Output
   products for this core may be overwritten.
Resolving generics for 'INST_MEM'...
WARNING:sim - A core named 'INST_MEM' already exists in the project. Output
   products for this core may be overwritten.
Applying external generics to 'INST_MEM'...
Delivering associated files for 'INST_MEM'...
Delivering EJava files for 'INST_MEM'...
Generating implementation netlist for 'INST_MEM'...
INFO:sim - Pre-processing HDL files for 'INST_MEM'...
Running synthesis for 'INST_MEM'
Running ngcbuild...
Writing VEO instantiation template for 'INST_MEM'...
Writing Verilog behavioral simulation model for 'INST_MEM'...
WARNING:sim - Overwriting existing file
   G:/MIPS_processor/ipcore_dir/tmp/_cg/INST_MEM/doc/blk_mem_gen_v7_3_vinfo.html
   with file from view xilinx_documentation
Delivered 1 file into directory G:/MIPS_processor/ipcore_dir/tmp/_cg/INST_MEM
Generating ASY schematic symbol...
INFO:sim:949 - Finished generation of ASY schematic symbol.
Generating SYM schematic symbol for 'INST_MEM'...
Generating metadata file...
Regenerating ISE project file for 'INST_MEM'...
Generating ISE project...
XCO file found: INST_MEM.xco
XMDF file found: INST_MEM_xmdf.tcl
Adding G:/MIPS_processor/ipcore_dir/tmp/_cg/INST_MEM.asy -view all -origin_type
imported
Adding G:/MIPS_processor/ipcore_dir/tmp/_cg/INST_MEM.ngc -view all -origin_type
created
Checking file "G:/MIPS_processor/ipcore_dir/tmp/_cg/INST_MEM.ngc" for project
device match ...
File "G:/MIPS_processor/ipcore_dir/tmp/_cg/INST_MEM.ngc" device information
matches project device.
Adding G:/MIPS_processor/ipcore_dir/tmp/_cg/INST_MEM.sym -view all -origin_type
imported
Adding G:/MIPS_processor/ipcore_dir/tmp/_cg/INST_MEM.v -view all -origin_type
created
INFO:HDLCompiler:1845 - Analyzing Verilog file
   "G:/MIPS_processor/ipcore_dir/tmp/_cg/INST_MEM.v" into library work
INFO:ProjectMgmt - Parsing design hierarchy completed successfully.
Adding G:/MIPS_processor/ipcore_dir/tmp/_cg/INST_MEM.veo -view all -origin_type
imported
INFO:TclTasksC:2116 - The automatic calculation of top has been turned-off.
   Please set the new top explicitly by running the "project set top" command.
   To re-calculate the new top automatically, set the "Auto Implementation Top"
   property to true.
Top level has been set to "/INST_MEM"
Generating README file...
Generating FLIST file...
INFO:sim:948 - Finished FLIST file generation.
Launching README viewer...
Moving files to output directory...
Finished moving files to output directory
Wrote CGP file for project 'INST_MEM'.
